<?xml version="1.0" encoding="UTF-8"?>
<testng-results ignored="0" total="4" passed="4" failed="0" skipped="0">
  <reporter-output>
  </reporter-output>
  <suite started-at="2025-03-16T11:09:53 EDT" name="Default suite" finished-at="2025-03-16T11:09:56 EDT" duration-ms="3133">
    <groups>
    </groups>
    <test started-at="2025-03-16T11:09:53 EDT" name="Default test" finished-at="2025-03-16T11:09:56 EDT" duration-ms="3133">
      <class name="com.ApiTestCases.UserTest">
        <test-method is-config="true" signature="generateTestData()[pri:0, instance:com.ApiTestCases.UserTest@222545dc]" started-at="2025-03-16T11:09:53 EDT" name="generateTestData" finished-at="2025-03-16T11:09:53 EDT" duration-ms="256" status="PASS">
          <reporter-output>
          </reporter-output>
        </test-method> <!-- generateTestData -->
        <test-method signature="testCreateUser()[pri:1, instance:com.ApiTestCases.UserTest@222545dc]" started-at="2025-03-16T11:09:53 EDT" name="testCreateUser" finished-at="2025-03-16T11:09:56 EDT" duration-ms="2561" status="PASS">
          <reporter-output>
          </reporter-output>
        </test-method> <!-- testCreateUser -->
        <test-method signature="testgetUser()[pri:2, instance:com.ApiTestCases.UserTest@222545dc]" started-at="2025-03-16T11:09:56 EDT" name="testgetUser" finished-at="2025-03-16T11:09:56 EDT" duration-ms="104" status="PASS">
          <reporter-output>
          </reporter-output>
        </test-method> <!-- testgetUser -->
        <test-method signature="testUpdateUser()[pri:3, instance:com.ApiTestCases.UserTest@222545dc]" started-at="2025-03-16T11:09:56 EDT" name="testUpdateUser" finished-at="2025-03-16T11:09:56 EDT" duration-ms="80" status="PASS">
          <reporter-output>
          </reporter-output>
        </test-method> <!-- testUpdateUser -->
        <test-method signature="testDeleteUser()[pri:4, instance:com.ApiTestCases.UserTest@222545dc]" started-at="2025-03-16T11:09:56 EDT" name="testDeleteUser" finished-at="2025-03-16T11:09:56 EDT" duration-ms="77" status="PASS">
          <reporter-output>
          </reporter-output>
        </test-method> <!-- testDeleteUser -->
      </class> <!-- com.ApiTestCases.UserTest -->
    </test> <!-- Default test -->
  </suite> <!-- Default suite -->
</testng-results>
