<?xml version="1.0" encoding="UTF-8"?>
<!-- Generated by org.testng.reporters.JUnitXMLReporter -->
<testsuite ignored="0" hostname="DESKTOP-GGFM9R1" failures="0" tests="4" name="Default test" time="3.253" errors="0" timestamp="2025-03-15T21:20:13 EDT">
  <testcase classname="com.RestAssuredDay2.differentWaysToCreateRequestBody" name="testPostUsingExternaljsonfile" time="2.485"/>
  <testcase classname="com.RestAssuredDay2.differentWaysToCreateRequestBody" name="testPostUsingHashMap" time="0.256"/>
  <testcase classname="com.RestAssuredDay2.differentWaysToCreateRequestBody" name="testPostUsingJsonLib" time="0.221"/>
  <testcase classname="com.RestAssuredDay2.differentWaysToCreateRequestBody" name="testPostUsingPojoClass" time="0.236"/>
</testsuite> <!-- Default test -->
