<?xml version="1.0" encoding="UTF-8"?>
<!-- Generated by org.testng.reporters.JUnitXMLReporter -->
<testsuite ignored="0" hostname="DESKTOP-GGFM9R1" failures="0" tests="4" name="Default test" time="3.133" errors="0" timestamp="2025-03-16T11:09:56 EDT">
  <testcase classname="com.ApiTestCases.UserTest" name="testCreateUser" time="2.561"/>
  <testcase classname="com.ApiTestCases.UserTest" name="testgetUser" time="0.104"/>
  <testcase classname="com.ApiTestCases.UserTest" name="testUpdateUser" time="0.08"/>
  <testcase classname="com.ApiTestCases.UserTest" name="testDeleteUser" time="0.077"/>
</testsuite> <!-- Default test -->
