<?xml version="1.0" encoding="UTF-8"?>
<!-- Generated by org.testng.reporters.JUnitXMLReporter -->
<testsuite ignored="3" hostname="DESKTOP-GGFM9R1" failures="0" tests="6" name="grouping Test" time="0.073" errors="0" timestamp="2025-03-01T14:47:12 EST">
  <testcase classname="com.DAy7SeleniumTestNGGrouping.LoginTest" name="loginByEmail" time="0.009"/>
  <testcase classname="com.DAy7SeleniumTestNGGrouping.LoginTest" name="loginByFB" time="0.0"/>
  <testcase classname="com.DAy7SeleniumTestNGGrouping.LoginTest" name="loginByTwiter" time="0.002"/>
  <testcase classname="com.DAy7SeleniumTestNGGrouping.PaymentTest" name="paymentByDollar" time="0.001"/>
  <testcase classname="com.DAy7SeleniumTestNGGrouping.PaymentTest" name="paymentByPnd" time="0.002"/>
  <testcase classname="com.DAy7SeleniumTestNGGrouping.PaymentTest" name="paymentByRs" time="0.001"/>
  <testcase classname="com.DAy7SeleniumTestNGGrouping.SignupTest" name="SignupByFB" time="0.0">
    <ignored/>
  </testcase> <!-- SignupByFB -->
  <testcase classname="com.DAy7SeleniumTestNGGrouping.SignupTest" name="SignupByTwiter" time="0.0">
    <ignored/>
  </testcase> <!-- SignupByTwiter -->
  <testcase classname="com.DAy7SeleniumTestNGGrouping.SignupTest" name="SignupByEmail" time="0.0">
    <ignored/>
  </testcase> <!-- SignupByEmail -->
</testsuite> <!-- grouping Test -->
